{
  "RSpec": {
    "coverage": {
      "/Users/dhruvildave/Desktop/CompanyData/food-delivery-api/spec/controllers/restaurants_controller_spec.rb": [
        null,
        null,
        1,
        null,
        1,
        1,
        24,
        24,
        24,
        24,
        null,
        1,
        1,
        1,
        1,
        null,
        1,
        1,
        2,
        null,
        1,
        1,
        1,
        1,
        null,
        1,
        1,
        1,
        1,
        null,
        1,
        1,
        1,
        1,
        null,
        null,
        null,
        1,
        1,
        1,
        1,
        1,
        null,
        1,
        1,
        1,
        1,
        1,
        1,
        1,
        1,
        1,
        1,
        1,
        1,
        null,
        1,
        1,
        1,
        null,
        null,
        1,
        1,
        1,
        1,
        null,
        null,
        1,
        1,
        1,
        1,
        null,
        null,
        1,
        1,
        1,
        1,
        null,
        null,
        null,
        null,
        1,
        1,
        1,
        1,
        1,
        null,
        1,
        1,
        1,
        null,
        1,
        1,
        1,
        1,
        1,
        1,
        1,
        1,
        1,
        1,
        1,
        null,
        1,
        1,
        1,
        1,
        null,
        1,
        1,
        1,
        1,
        null,
        1,
        1,
        1,
        1,
        null,
        null,
        null,
        null,
        1,
        1,
        1,
        1,
        1,
        null,
        1,
        1,
        1,
        1,
        null,
        1,
        1,
        1,
        1,
        1,
        1,
        1,
        1,
        1,
        1,
        1,
        1,
        1,
        null,
        1,
        1,
        1,
        null,
        1,
        1,
        1,
        1,
        null,
        1,
        1,
        1,
        1,
        null,
        1,
        1,
        1,
        1,
        1,
        null,
        null,
        null,
        null
      ],
      "/Users/dhruvildave/Desktop/CompanyData/food-delivery-api/spec/rails_helper.rb": [
        null,
        null,
        null,
        1,
        1,
        1,
        null,
        1,
        1,
        1,
        1,
        1,
        null,
        null,
        null,
        null,
        null,
        null,
        null,
        null,
        null,
        null,
        null,
        null,
        null,
        null,
        null,
        null,
        null,
        null,
        null,
        null,
        1,
        1,
        null,
        0,
        0,
        null,
        1,
        null,
        1,
        null,
        null,
        null,
        null,
        1,
        null,
        null,
        null,
        null,
        null,
        null,
        null,
        null,
        null,
        null,
        null,
        null,
        null,
        null,
        1,
        null,
        null,
        1,
        null,
        null,
        null,
        1,
        1,
        1,
        1,
        null,
        null
      ],
      "/Users/dhruvildave/Desktop/CompanyData/food-delivery-api/config/environment.rb": [
        null,
        null,
        null,
        1,
        null,
        null,
        1
      ],
      "/Users/dhruvildave/Desktop/CompanyData/food-delivery-api/config/application.rb": [
        null,
        null,
        1,
        null,
        1,
        null,
        1,
        1,
        1,
        1,
        1,
        1,
        1,
        1,
        null,
        1,
        null,
        null,
        null,
        1,
        null,
        1,
        1,
        null,
        1,
        null,
        null,
        null,
        null,
        1,
        null,
        null,
        1,
        7,
        null,
        null
      ],
      "/Users/dhruvildave/Desktop/CompanyData/food-delivery-api/config/boot.rb": [
        null,
        null,
        1,
        null,
        1,
        1
      ],
      "/Users/dhruvildave/Desktop/CompanyData/food-delivery-api/config/environments/test.rb": [
        null,
        null,
        1,
        null,
        null,
        null,
        null,
        null,
        null,
        1,
        null,
        null,
        null,
        null,
        1,
        null,
        null,
        1,
        1,
        null,
        null,
        null,
        null,
        1,
        1,
        null,
        null,
        1,
        null,
        null,
        1,
        null,
        null,
        1,
        null,
        1,
        null,
        null,
        null,
        null,
        1,
        null,
        null,
        1,
        null,
        null,
        null,
        null
      ],
      "/Users/dhruvildave/Desktop/CompanyData/food-delivery-api/config/initializers/application_controller_renderer.rb": [
        null,
        null,
        null,
        null,
        null,
        null,
        null,
        null,
        null,
        null
      ],
      "/Users/dhruvildave/Desktop/CompanyData/food-delivery-api/config/initializers/backtrace_silencers.rb": [
        null,
        null,
        null,
        null,
        null,
        null,
        null,
        null,
        null
      ],
      "/Users/dhruvildave/Desktop/CompanyData/food-delivery-api/config/initializers/cors.rb": [
        null,
        null,
        null,
        null,
        null,
        null,
        null,
        null,
        null,
        1,
        1,
        1,
        null,
        1,
        null,
        null
      ],
      "/Users/dhruvildave/Desktop/CompanyData/food-delivery-api/config/initializers/filter_parameter_logging.rb": [
        null,
        null,
        null,
        null,
        null,
        1
      ],
      "/Users/dhruvildave/Desktop/CompanyData/food-delivery-api/config/initializers/inflections.rb": [
        null,
        null,
        null,
        null,
        null,
        null,
        null,
        null,
        null,
        null,
        null,
        null,
        null,
        null,
        null,
        null,
        null,
        null
      ],
      "/Users/dhruvildave/Desktop/CompanyData/food-delivery-api/config/initializers/mime_types.rb": [
        null,
        null,
        null,
        null,
        null,
        null
      ],
      "/Users/dhruvildave/Desktop/CompanyData/food-delivery-api/config/initializers/wrap_parameters.rb": [
        null,
        null,
        null,
        null,
        null,
        null,
        null,
        null,
        1,
        2,
        null,
        null,
        null,
        null,
        null,
        null
      ],
      "/Users/dhruvildave/Desktop/CompanyData/food-delivery-api/spec/factories/auth_tokens.rb": [
        null,
        null,
        1,
        1,
        null,
        null
      ],
      "/Users/dhruvildave/Desktop/CompanyData/food-delivery-api/spec/factories/restaurants.rb": [
        null,
        null,
        1,
        1,
        33,
        33,
        33,
        33,
        33,
        33,
        33,
        33,
        null,
        null
      ],
      "/Users/dhruvildave/Desktop/CompanyData/food-delivery-api/spec/factories/users.rb": [
        null,
        null,
        1,
        1,
        145,
        145,
        145,
        145,
        145,
        145,
        145,
        145,
        null,
        null
      ],
      "/Users/dhruvildave/Desktop/CompanyData/food-delivery-api/config/routes.rb": [
        null,
        null,
        1,
        null,
        1,
        1,
        1,
        1,
        1,
        1,
        1,
        null
      ],
      "/Users/dhruvildave/Desktop/CompanyData/food-delivery-api/spec/support/spec_helper.rb": [
        null,
        null,
        1,
        1,
        68,
        68,
        68,
        68,
        68,
        68,
        68,
        68,
        null,
        null
      ],
      "/Users/dhruvildave/Desktop/CompanyData/food-delivery-api/app/controllers/restaurants_controller.rb": [
        null,
        null,
        1,
        1,
        null,
        1,
        2,
        4,
        null,
        null,
        1,
        2,
        null,
        null,
        1,
        3,
        3,
        2,
        null,
        1,
        null,
        null,
        1,
        3,
        3,
        2,
        null,
        1,
        null,
        null,
        1,
        null,
        1,
        7,
        7,
        null,
        null,
        1,
        6,
        null,
        null
      ],
      "/Users/dhruvildave/Desktop/CompanyData/food-delivery-api/app/controllers/application_controller.rb": [
        null,
        null,
        1,
        1,
        1,
        null,
        1,
        53,
        53,
        null,
        null,
        1,
        35,
        null,
        9,
        9,
        null,
        null
      ],
      "/Users/dhruvildave/Desktop/CompanyData/food-delivery-api/spec/controllers/sessions_controller_spec.rb": [
        null,
        null,
        1,
        null,
        1,
        1,
        15,
        15,
        15,
        null,
        1,
        1,
        1,
        1,
        null,
        1,
        1,
        1,
        1,
        1,
        1,
        1,
        1,
        1,
        1,
        null,
        1,
        1,
        1,
        null,
        1,
        1,
        1,
        1,
        null,
        1,
        1,
        1,
        1,
        null,
        1,
        1,
        1,
        1,
        1,
        null,
        null,
        1,
        1,
        1,
        null,
        null,
        null,
        1,
        1,
        1,
        1,
        null,
        1,
        1,
        1,
        1,
        null,
        1,
        1,
        1,
        1,
        null,
        1,
        1,
        1,
        1,
        1,
        null,
        null,
        null,
        null,
        1,
        1,
        1,
        1,
        null,
        1,
        1,
        1,
        1,
        1,
        null,
        null,
        1,
        1,
        1,
        null,
        1,
        1,
        1,
        1,
        null,
        null,
        null
      ],
      "/Users/dhruvildave/Desktop/CompanyData/food-delivery-api/app/controllers/sessions_controller.rb": [
        null,
        null,
        1,
        1,
        1,
        1,
        null,
        1,
        6,
        null,
        null,
        1,
        1,
        1,
        null,
        null,
        1,
        3,
        3,
        null,
        null,
        1,
        null,
        1,
        6,
        null,
        null,
        1,
        7,
        null,
        null,
        1,
        11,
        11,
        null,
        null,
        1,
        18,
        null,
        null
      ],
      "/Users/dhruvildave/Desktop/CompanyData/food-delivery-api/spec/controllers/users_controller_spec.rb": [
        null,
        null,
        1,
        null,
        1,
        1,
        29,
        29,
        29,
        null,
        null,
        1,
        1,
        1,
        1,
        null,
        1,
        1,
        1,
        25,
        null,
        1,
        1,
        1,
        null,
        1,
        1,
        1,
        1,
        null,
        1,
        1,
        1,
        1,
        null,
        1,
        1,
        1,
        1,
        null,
        null,
        null,
        1,
        1,
        1,
        1,
        1,
        null,
        1,
        1,
        1,
        1,
        1,
        1,
        1,
        1,
        1,
        1,
        null,
        1,
        1,
        1,
        null,
        1,
        1,
        1,
        1,
        1,
        1,
        null,
        null,
        1,
        1,
        1,
        1,
        1,
        null,
        1,
        1,
        1,
        1,
        1,
        null,
        null,
        null,
        1,
        1,
        1,
        1,
        1,
        null,
        1,
        1,
        1,
        null,
        1,
        1,
        1,
        null,
        1,
        1,
        1,
        1,
        1,
        null,
        null,
        1,
        1,
        1,
        1,
        null,
        1,
        1,
        1,
        1,
        null,
        null,
        null,
        1,
        1,
        1,
        1,
        1,
        null,
        1,
        1,
        1,
        1,
        null,
        1,
        1,
        1,
        1,
        1,
        1,
        1,
        1,
        1,
        1,
        1,
        null,
        1,
        1,
        1,
        null,
        1,
        1,
        1,
        1,
        1,
        null,
        null,
        1,
        1,
        1,
        1,
        null,
        1,
        1,
        1,
        1,
        null,
        null,
        null,
        1,
        1,
        1,
        1,
        1,
        null,
        1,
        1,
        1,
        1,
        null,
        1,
        1,
        1,
        1,
        null,
        1,
        1,
        1,
        1,
        1,
        null,
        null,
        null,
        null
      ],
      "/Users/dhruvildave/Desktop/CompanyData/food-delivery-api/app/controllers/users_controller.rb": [
        null,
        null,
        1,
        1,
        1,
        1,
        null,
        1,
        3,
        43,
        null,
        null,
        1,
        2,
        null,
        null,
        1,
        3,
        3,
        2,
        null,
        1,
        null,
        null,
        1,
        3,
        3,
        2,
        null,
        1,
        null,
        null,
        1,
        2,
        1,
        null,
        1,
        null,
        null,
        1,
        null,
        1,
        11,
        9,
        9,
        null,
        2,
        null,
        null,
        1,
        3,
        null,
        null,
        1,
        8,
        null,
        null
      ],
      "/Users/dhruvildave/Desktop/CompanyData/food-delivery-api/app/models/user.rb": [
        null,
        null,
        1,
        1,
        1,
        1,
        299,
        11,
        11,
        11,
        null,
        1,
        7,
        null,
        null,
        1,
        3,
        null,
        null,
        1,
        3,
        null,
        null,
        1,
        3,
        3,
        null,
        null,
        1,
        null,
        1,
        7,
        null,
        null
      ],
      "/Users/dhruvildave/Desktop/CompanyData/food-delivery-api/app/models/application_record.rb": [
        null,
        null,
        1,
        1,
        null
      ],
      "/Users/dhruvildave/Desktop/CompanyData/food-delivery-api/app/forms/user_form.rb": [
        null,
        null,
        1,
        1,
        1,
        null,
        1,
        null,
        75,
        1,
        1,
        75,
        1,
        null,
        1,
        74,
        null,
        null,
        1,
        27,
        null,
        null,
        1,
        74,
        74,
        74,
        null,
        null,
        1,
        74,
        null,
        72,
        null,
        null
      ],
      "/Users/dhruvildave/Desktop/CompanyData/food-delivery-api/app/forms/concerns/user_attributes.rb": [
        null,
        null,
        1,
        1,
        1,
        1,
        null
      ],
      "/Users/dhruvildave/Desktop/CompanyData/food-delivery-api/app/forms/auth_token_form.rb": [
        null,
        null,
        1,
        1,
        null,
        1,
        null,
        1,
        1,
        null,
        1,
        74,
        74,
        74,
        null,
        null,
        1,
        74,
        null,
        74,
        null,
        null,
        1,
        null,
        1,
        74,
        null,
        null
      ],
      "/Users/dhruvildave/Desktop/CompanyData/food-delivery-api/app/models/auth_token.rb": [
        null,
        null,
        1,
        1,
        1,
        null,
        1,
        177,
        177,
        null,
        null,
        1,
        35,
        null,
        null,
        1,
        6,
        6,
        6,
        null,
        null
      ],
      "/Users/dhruvildave/Desktop/CompanyData/food-delivery-api/app/models/restaurant.rb": [
        null,
        null,
        1,
        1,
        null
      ],
      "/Users/dhruvildave/Desktop/CompanyData/food-delivery-api/app/presenters/restaurant_presenter.rb": [
        null,
        null,
        1,
        1,
        null,
        1,
        8,
        null,
        null,
        1,
        null,
        null,
        null,
        null,
        null,
        null,
        null,
        null,
        null,
        null,
        null,
        8,
        null,
        null
      ],
      "/Users/dhruvildave/Desktop/CompanyData/food-delivery-api/app/forms/restaurant_form.rb": [
        null,
        null,
        1,
        1,
        null,
        1,
        null,
        1,
        1,
        1,
        null,
        1,
        6,
        6,
        6,
        null,
        null,
        1,
        6,
        null,
        4,
        null,
        null
      ],
      "/Users/dhruvildave/Desktop/CompanyData/food-delivery-api/app/presenters/user_presenter.rb": [
        null,
        null,
        1,
        1,
        null,
        1,
        56,
        56,
        null,
        null,
        1,
        56,
        null,
        null,
        null,
        null,
        null,
        null,
        null,
        null,
        null,
        56,
        56,
        56,
        56,
        null,
        null
      ],
      "/Users/dhruvildave/Desktop/CompanyData/food-delivery-api/app/mailers/food_delivery_api_mailer.rb": [
        null,
        null,
        1,
        1,
        null,
        1,
        6,
        6,
        6,
        null,
        null
      ],
      "/Users/dhruvildave/Desktop/CompanyData/food-delivery-api/app/mailers/application_mailer.rb": [
        null,
        null,
        1,
        1,
        1,
        null
      ],
      "/Users/dhruvildave/Desktop/CompanyData/food-delivery-api/app/queries/roled_users_query.rb": [
        null,
        null,
        1,
        1,
        null,
        1,
        3,
        3,
        null,
        null,
        1,
        3,
        null,
        null
      ],
      "/Users/dhruvildave/Desktop/CompanyData/food-delivery-api/app/models/current.rb": [
        1,
        1,
        null
      ]
    },
    "timestamp": 1567056497
  }
}
